{"method":"GET","url":"/","status":404,"date":"2024-12-24T14:40:52.096Z"}
{"method":"GET","url":"/user","status":404,"date":"2024-12-24T14:41:05.852Z"}
{"method":"GET","url":"/expert/getSpecialization","status":404,"date":"2024-12-30T16:22:45.278Z"}
{"method":"OPTIONS","url":"/user/userRegister","status":404,"date":"2025-01-02T04:12:58.581Z"}
{"method":"OPTIONS","url":"/user/userRegister","status":404,"date":"2025-01-02T04:13:03.005Z"}
{"method":"OPTIONS","url":"/user/userRegister","status":200,"date":"2025-01-02T04:26:50.157Z"}
{"method":"GET","url":"/","status":404,"date":"2025-01-02T04:29:15.508Z"}
{"method":"GET","url":"/","status":404,"date":"2025-01-02T05:10:44.840Z"}
{"method":"POST","url":"/user/userRegister","status":400,"date":"2025-01-02T05:22:00.575Z"}
{"method":"POST","url":"/user/userRegister","status":400,"date":"2025-01-02T05:28:43.615Z"}
{"method":"POST","url":"/user/userRegister","status":400,"date":"2025-01-02T05:31:05.241Z"}
{"method":"POST","url":"/user/userRegister","status":400,"date":"2025-01-02T05:31:13.221Z"}
{"method":"POST","url":"/user/userRegister","status":400,"date":"2025-01-02T05:44:43.316Z"}
{"method":"POST","url":"/user/userRegister","status":400,"date":"2025-01-02T05:47:04.384Z"}
{"method":"POST","url":"/user/userRegister","status":400,"date":"2025-01-02T05:53:20.362Z"}
{"method":"POST","url":"/user/userRegister","status":400,"date":"2025-01-02T05:56:35.371Z"}
{"method":"POST","url":"/user/userRegister","status":400,"date":"2025-01-02T06:01:09.148Z"}
{"method":"POST","url":"/user/userRegister","status":400,"date":"2025-01-02T06:04:14.243Z"}
{"method":"POST","url":"/user/userRegister","status":400,"date":"2025-01-02T06:09:20.599Z"}
{"method":"POST","url":"/user/userRegister","status":400,"date":"2025-01-02T06:12:29.747Z"}
{"method":"POST","url":"/user/userRegister","status":400,"date":"2025-01-02T07:39:43.522Z"}
{"method":"POST","url":"/user/userRegister","status":400,"date":"2025-01-02T07:47:36.017Z"}
{"method":"POST","url":"/user/userRegister","status":400,"date":"2025-01-02T07:51:44.253Z"}
{"method":"POST","url":"/user/userRegister","status":400,"date":"2025-01-02T09:34:48.258Z"}
{"method":"POST","url":"/user/userRegister","status":400,"date":"2025-01-02T09:41:00.163Z"}
{"method":"POST","url":"/user/userRegister","status":503,"date":"2025-01-02T09:53:53.032Z"}
{"method":"POST","url":"/user/userRegister","status":503,"date":"2025-01-02T09:55:18.381Z"}
{"method":"POST","url":"/user/userRegister","status":400,"date":"2025-01-02T10:00:56.901Z"}
{"method":"POST","url":"/user/userRegister","status":400,"date":"2025-01-02T10:03:07.272Z"}
{"method":"POST","url":"/user/userRegister","status":400,"date":"2025-01-02T10:06:02.844Z"}
{"method":"POST","url":"/user/userRegister","status":201,"date":"2025-01-02T10:07:59.192Z"}
{"method":"POST","url":"/user/verifyOtp","status":200,"date":"2025-01-02T10:08:22.094Z"}
{"method":"POST","url":"/user/userRegister","status":201,"date":"2025-01-02T10:18:47.377Z"}
{"method":"POST","url":"/user/verifyOtp","status":200,"date":"2025-01-02T10:19:10.110Z"}
{"method":"POST","url":"/user/userRegister","status":201,"date":"2025-01-02T10:39:17.510Z"}
{"method":"POST","url":"/user/verifyOtp","status":200,"date":"2025-01-02T10:39:43.612Z"}
{"method":"POST","url":"/user/login","status":200,"date":"2025-01-03T04:23:11.912Z"}
{"method":"POST","url":"/user/login","status":200,"date":"2025-01-03T04:33:01.076Z"}
{"method":"GET","url":"/expert/getSpecialisation","status":404,"date":"2025-01-03T05:03:01.589Z"}
{"method":"GET","url":"/expert/getSpecialisation","status":404,"date":"2025-01-03T05:13:52.863Z"}
{"method":"GET","url":"/expert/getSpecialisation","status":404,"date":"2025-01-03T05:14:09.962Z"}
{"method":"GET","url":"/expert/getSpecialisation","status":404,"date":"2025-01-03T05:14:14.948Z"}
{"method":"POST","url":"/user/login","status":401,"date":"2025-01-03T05:15:31.108Z"}
{"method":"POST","url":"/user/login","status":401,"date":"2025-01-03T05:15:32.103Z"}
{"method":"POST","url":"/user/login","status":401,"date":"2025-01-03T05:15:32.276Z"}
{"method":"POST","url":"/user/login","status":401,"date":"2025-01-03T05:15:32.504Z"}
{"method":"POST","url":"/user/login","status":401,"date":"2025-01-03T05:15:33.508Z"}
{"method":"POST","url":"/user/login","status":401,"date":"2025-01-03T05:15:34.298Z"}
{"method":"POST","url":"/user/login","status":401,"date":"2025-01-03T05:15:34.533Z"}
{"method":"POST","url":"/user/login","status":401,"date":"2025-01-03T05:15:39.513Z"}
{"method":"POST","url":"/user/login","status":401,"date":"2025-01-03T05:22:50.294Z"}
{"method":"POST","url":"/user/login","status":401,"date":"2025-01-03T05:27:12.941Z"}
{"method":"POST","url":"/user/login","status":401,"date":"2025-01-03T05:34:06.152Z"}
{"method":"POST","url":"/user/login","status":401,"date":"2025-01-03T05:44:03.744Z"}
{"method":"GET","url":"/expert/getSpecialisation","status":404,"date":"2025-01-03T05:48:51.976Z"}
{"method":"GET","url":"/expert/pecialisation","status":404,"date":"2025-01-03T05:53:48.313Z"}
{"method":"GET","url":"/expert/specialisation","status":200,"date":"2025-01-03T05:53:49.089Z"}
{"method":"GET","url":"/expert/specialisation","status":200,"date":"2025-01-03T06:21:09.191Z"}
{"method":"GET","url":"/expert/specialisation","status":304,"date":"2025-01-03T07:01:58.429Z"}
{"method":"GET","url":"/expert/specialisation","status":304,"date":"2025-01-03T07:05:08.263Z"}
{"method":"GET","url":"/expert/specialisation","status":304,"date":"2025-01-03T07:05:55.863Z"}
{"method":"GET","url":"/expert/specialisation","status":200,"date":"2025-01-03T09:02:56.930Z"}
{"method":"GET","url":"/expert/specialisation","status":304,"date":"2025-01-03T09:56:08.757Z"}
{"method":"GET","url":"/expert/specialisation","status":304,"date":"2025-01-03T11:52:16.758Z"}
{"method":"GET","url":"/expert/specialisation","status":304,"date":"2025-01-03T11:52:46.839Z"}
{"method":"GET","url":"/expert/specialisation","status":304,"date":"2025-01-03T11:55:31.307Z"}
{"method":"GET","url":"/expert/specialisation","status":304,"date":"2025-01-03T11:55:52.271Z"}
{"method":"GET","url":"/expert/specialisation","status":304,"date":"2025-01-03T11:55:53.396Z"}
{"method":"GET","url":"/expert/specialisation","status":304,"date":"2025-01-03T11:57:53.996Z"}
{"method":"GET","url":"/expert/specialisation","status":304,"date":"2025-01-03T12:09:54.590Z"}
{"method":"GET","url":"/expert/specialisation","status":200,"date":"2025-01-03T12:09:58.615Z"}
{"method":"GET","url":"/expert/specialisation","status":200,"date":"2025-01-03T12:10:00.603Z"}
{"method":"GET","url":"/expert/specialisation","status":200,"date":"2025-01-03T12:10:06.206Z"}
{"method":"GET","url":"/expert/specialisation","status":304,"date":"2025-01-03T12:54:02.163Z"}
{"method":"GET","url":"/expert/specialisation","status":304,"date":"2025-01-03T12:55:41.420Z"}
{"method":"GET","url":"/expert/specialisation","status":304,"date":"2025-01-03T12:55:42.415Z"}
{"method":"GET","url":"/expert/specialisation","status":304,"date":"2025-01-03T12:55:44.356Z"}
{"method":"GET","url":"/expert/specialisation","status":304,"date":"2025-01-03T12:55:53.554Z"}
{"method":"GET","url":"/expert/specialisation","status":304,"date":"2025-01-03T12:55:56.432Z"}
{"method":"GET","url":"/expert/specialisation","status":304,"date":"2025-01-03T12:56:06.537Z"}
{"method":"GET","url":"/expert/specialisation","status":304,"date":"2025-01-03T12:56:29.543Z"}
{"method":"GET","url":"/expert/specialisation","status":304,"date":"2025-01-03T12:56:36.238Z"}
{"method":"GET","url":"/expert/specialisation","status":304,"date":"2025-01-03T13:04:28.729Z"}
{"method":"GET","url":"/expert/specialisation","status":304,"date":"2025-01-03T13:44:53.267Z"}
{"method":"GET","url":"/expert/specialisation","status":304,"date":"2025-01-03T14:00:04.040Z"}
{"method":"GET","url":"/expert/specialisation","status":304,"date":"2025-01-03T14:00:08.702Z"}
{"method":"GET","url":"/expert/specialisation","status":304,"date":"2025-01-03T14:00:46.607Z"}
{"method":"GET","url":"/expert/specialisation","status":304,"date":"2025-01-03T14:00:48.525Z"}
{"method":"GET","url":"/expert/specialisation","status":304,"date":"2025-01-03T14:00:50.469Z"}
{"method":"GET","url":"/expert/specialisation","status":304,"date":"2025-01-03T14:00:53.575Z"}
{"method":"GET","url":"/expert/specialisation","status":304,"date":"2025-01-03T14:00:55.510Z"}
{"method":"GET","url":"/expert/specialisation","status":304,"date":"2025-01-03T14:00:57.451Z"}
{"method":"GET","url":"/expert/specialisation","status":304,"date":"2025-01-03T14:01:00.378Z"}
{"method":"GET","url":"/expert/specialisation","status":304,"date":"2025-01-03T14:01:02.361Z"}
{"method":"GET","url":"/expert/specialisation","status":304,"date":"2025-01-03T14:01:04.380Z"}
{"method":"GET","url":"/expert/specialisation","status":304,"date":"2025-01-03T14:01:52.575Z"}
{"method":"GET","url":"/expert/specialisation","status":304,"date":"2025-01-03T14:02:07.554Z"}
{"method":"GET","url":"/expert/specialisation","status":304,"date":"2025-01-03T14:02:14.726Z"}
{"method":"POST","url":"/expert/registration","status":400,"date":"2025-01-03T14:04:55.204Z"}
{"method":"POST","url":"/expert/registration","status":400,"date":"2025-01-03T14:05:52.185Z"}
{"method":"POST","url":"/expert/registration","status":400,"date":"2025-01-03T14:13:00.647Z"}
{"method":"GET","url":"/expert/specialisation","status":304,"date":"2025-01-03T14:16:13.956Z"}
{"method":"POST","url":"/expert/registration","status":400,"date":"2025-01-03T14:18:16.094Z"}
{"method":"GET","url":"/expert/specialisation","status":304,"date":"2025-01-03T14:28:12.146Z"}
{"method":"POST","url":"/expert/registration","status":500,"date":"2025-01-03T14:31:16.270Z"}
{"method":"POST","url":"/expert/registration","status":400,"date":"2025-01-03T14:35:06.028Z"}
{"method":"GET","url":"/expert/specialisation","status":304,"date":"2025-01-03T15:00:49.588Z"}
{"method":"GET","url":"/expert/specialisation","status":304,"date":"2025-01-03T15:01:31.994Z"}
{"method":"GET","url":"/expert/specialisation","status":304,"date":"2025-01-03T15:01:35.177Z"}
{"method":"GET","url":"/expert/specialisation","status":304,"date":"2025-01-03T15:14:47.039Z"}
{"method":"POST","url":"/expert/registration","status":400,"date":"2025-01-03T15:18:38.637Z"}
{"method":"GET","url":"/expert/specialisation","status":304,"date":"2025-01-03T15:21:11.955Z"}
{"method":"GET","url":"/expert/specialisation","status":304,"date":"2025-01-03T15:23:15.853Z"}
{"method":"GET","url":"/expert/specialisation","status":304,"date":"2025-01-03T15:23:17.916Z"}
{"method":"GET","url":"/expert/specialisation","status":304,"date":"2025-01-03T15:23:19.695Z"}
{"method":"GET","url":"/expert/specialisation","status":304,"date":"2025-01-03T15:23:41.362Z"}
{"method":"GET","url":"/expert/specialisation","status":304,"date":"2025-01-03T15:23:42.395Z"}
{"method":"GET","url":"/expert/specialisation","status":304,"date":"2025-01-03T15:23:51.579Z"}
{"method":"GET","url":"/expert/specialisation","status":304,"date":"2025-01-03T15:24:59.443Z"}
{"method":"GET","url":"/expert/specialisation","status":304,"date":"2025-01-03T15:25:01.432Z"}
{"method":"GET","url":"/expert/specialisation","status":304,"date":"2025-01-03T15:25:03.376Z"}
{"method":"GET","url":"/expert/specialisation","status":304,"date":"2025-01-03T15:25:19.887Z"}
{"method":"GET","url":"/expert/specialisation","status":304,"date":"2025-01-03T15:25:21.597Z"}
{"method":"GET","url":"/expert/specialisation","status":304,"date":"2025-01-03T15:26:45.827Z"}
{"method":"GET","url":"/expert/specialisation","status":304,"date":"2025-01-03T15:28:40.605Z"}
{"method":"GET","url":"/expert/specialisation","status":304,"date":"2025-01-03T15:29:06.514Z"}
{"method":"GET","url":"/expert/specialisation","status":304,"date":"2025-01-03T15:29:19.532Z"}
{"method":"GET","url":"/expert/specialisation","status":304,"date":"2025-01-03T15:29:44.868Z"}
{"method":"GET","url":"/expert/specialisation","status":304,"date":"2025-01-03T15:29:51.457Z"}
{"method":"POST","url":"/expert/registration","status":400,"date":"2025-01-03T15:31:19.893Z"}
{"method":"GET","url":"/expert/specialisation","status":304,"date":"2025-01-03T15:33:59.621Z"}
{"method":"GET","url":"/expert/specialisation","status":304,"date":"2025-01-03T15:49:28.213Z"}
{"method":"POST","url":"/expert/registration","status":400,"date":"2025-01-03T15:54:40.529Z"}
{"method":"GET","url":"/expert/specialisation","status":304,"date":"2025-01-03T16:00:18.169Z"}
{"method":"GET","url":"/expert/specialisation","status":304,"date":"2025-01-03T16:00:50.225Z"}
{"method":"POST","url":"/expert/registration","status":400,"date":"2025-01-03T16:01:59.579Z"}
{"method":"GET","url":"/expert/specialisation","status":304,"date":"2025-01-03T16:02:35.410Z"}
{"method":"GET","url":"/expert/specialisation","status":304,"date":"2025-01-03T16:03:15.452Z"}
{"method":"GET","url":"/expert/specialisation","status":304,"date":"2025-01-03T16:09:09.303Z"}
{"method":"GET","url":"/expert/specialisation","status":304,"date":"2025-01-03T16:09:38.242Z"}
{"method":"GET","url":"/expert/specialisation","status":304,"date":"2025-01-03T16:10:42.152Z"}
{"method":"GET","url":"/expert/specialisation","status":304,"date":"2025-01-03T16:14:00.605Z"}
{"method":"GET","url":"/expert/specialisation","status":304,"date":"2025-01-03T16:14:27.982Z"}
{"method":"GET","url":"/expert/specialisation","status":304,"date":"2025-01-03T16:16:51.522Z"}
{"method":"GET","url":"/expert/specialisation","status":304,"date":"2025-01-03T16:17:00.575Z"}
{"method":"GET","url":"/expert/specialisation","status":304,"date":"2025-01-03T16:17:03.956Z"}
{"method":"GET","url":"/expert/specialisation","status":304,"date":"2025-01-03T16:24:11.711Z"}
{"method":"GET","url":"/expert/specialisation","status":304,"date":"2025-01-03T16:24:35.027Z"}
{"method":"GET","url":"/expert/specialisation","status":304,"date":"2025-01-03T16:24:39.791Z"}
{"method":"GET","url":"/expert/specialisation","status":304,"date":"2025-01-03T16:28:56.165Z"}
{"method":"GET","url":"/expert/specialisation","status":304,"date":"2025-01-03T16:29:03.383Z"}
{"method":"GET","url":"/expert/specialisation","status":304,"date":"2025-01-03T16:29:20.027Z"}
{"method":"GET","url":"/expert/specialisation","status":304,"date":"2025-01-03T16:29:21.392Z"}
{"method":"POST","url":"/expert/registration","status":400,"date":"2025-01-03T16:31:55.944Z"}
{"method":"GET","url":"/expert/specialisation","status":304,"date":"2025-01-03T16:40:13.966Z"}
{"method":"GET","url":"/expert/specialisation","status":304,"date":"2025-01-03T16:46:10.815Z"}
{"method":"GET","url":"/expert/specialisation","status":304,"date":"2025-01-03T16:56:45.158Z"}
{"method":"POST","url":"/expert/registration","status":400,"date":"2025-01-03T16:58:08.046Z"}
{"method":"GET","url":"/expert/specialisation","status":304,"date":"2025-01-03T17:01:19.480Z"}
{"method":"GET","url":"/expert/specialisation","status":304,"date":"2025-01-03T17:04:55.976Z"}
{"method":"POST","url":"/expert/registration","status":400,"date":"2025-01-03T17:06:24.589Z"}
{"method":"GET","url":"/expert/specialisation","status":304,"date":"2025-01-03T17:10:22.497Z"}
{"method":"GET","url":"/expert/specialisation","status":304,"date":"2025-01-03T17:10:59.488Z"}
{"method":"GET","url":"/expert/specialisation","status":304,"date":"2025-01-03T17:11:53.811Z"}
{"method":"GET","url":"/expert/specialisation","status":304,"date":"2025-01-03T17:12:22.968Z"}
{"method":"GET","url":"/expert/specialisation","status":304,"date":"2025-01-03T17:13:52.847Z"}
{"method":"GET","url":"/expert/specialisation","status":304,"date":"2025-01-03T17:13:53.970Z"}
{"method":"POST","url":"/expert/registration","status":400,"date":"2025-01-03T17:14:58.624Z"}
{"method":"GET","url":"/expert/specialisation","status":304,"date":"2025-01-03T17:37:55.209Z"}
{"method":"GET","url":"/expert/specialisation","status":304,"date":"2025-01-03T17:43:17.070Z"}
{"method":"POST","url":"/expert/registration","status":400,"date":"2025-01-03T17:44:20.273Z"}
{"method":"GET","url":"/expert/specialisation","status":304,"date":"2025-01-03T17:51:48.475Z"}
{"method":"POST","url":"/expert/registration","status":400,"date":"2025-01-03T17:53:00.322Z"}
{"method":"GET","url":"/expert/specialisation","status":304,"date":"2025-01-03T18:25:56.397Z"}
{"method":"GET","url":"/expert/specialisation","status":304,"date":"2025-01-03T18:26:05.824Z"}
{"method":"GET","url":"/expert/specialisation","status":304,"date":"2025-01-03T18:29:21.462Z"}
{"method":"GET","url":"/expert/specialisation","status":304,"date":"2025-01-03T18:29:23.384Z"}
{"method":"GET","url":"/expert/specialisation","status":304,"date":"2025-01-03T18:29:25.504Z"}
{"method":"GET","url":"/expert/specialisation","status":304,"date":"2025-01-03T18:29:27.747Z"}
{"method":"GET","url":"/expert/specialisation","status":304,"date":"2025-01-03T18:31:51.161Z"}
{"method":"GET","url":"/expert/specialisation","status":304,"date":"2025-01-03T18:31:53.470Z"}
{"method":"POST","url":"/expert/registration","status":400,"date":"2025-01-03T18:32:55.738Z"}
{"method":"GET","url":"/expert/specialisation","status":304,"date":"2025-01-03T18:40:39.870Z"}
{"method":"GET","url":"/expert/specialisation","status":304,"date":"2025-01-03T18:40:45.858Z"}
{"method":"POST","url":"/expert/registration","status":400,"date":"2025-01-03T18:41:53.894Z"}
{"method":"GET","url":"/expert/specialisation","status":304,"date":"2025-01-03T18:42:40.852Z"}
{"method":"GET","url":"/expert/specialisation","status":304,"date":"2025-01-03T18:42:43.108Z"}
{"method":"POST","url":"/expert/registration","status":400,"date":"2025-01-03T18:43:41.872Z"}
{"method":"GET","url":"/expert/specialisation","status":304,"date":"2025-01-03T19:12:15.225Z"}
{"method":"POST","url":"/expert/registration","status":503,"date":"2025-01-03T19:13:30.089Z"}
{"method":"GET","url":"/expert/specialisation","status":304,"date":"2025-01-03T19:17:02.845Z"}
{"method":"GET","url":"/expert/specialisation","status":304,"date":"2025-01-03T19:19:30.964Z"}
{"method":"POST","url":"/expert/registration","status":503,"date":"2025-01-03T19:20:39.107Z"}
{"method":"GET","url":"/expert/specialisation","status":304,"date":"2025-01-04T03:51:10.418Z"}
{"method":"POST","url":"/expert/registration","status":503,"date":"2025-01-04T04:05:02.374Z"}
{"method":"GET","url":"/expert/specialisation","status":200,"date":"2025-01-04T05:40:18.449Z"}
{"method":"GET","url":"/expert/specialisation","status":503,"date":"2025-01-04T06:59:33.623Z"}
{"method":"GET","url":"/expert/specialisation","status":200,"date":"2025-01-04T07:02:05.821Z"}
{"method":"POST","url":"/expert/registration","status":201,"date":"2025-01-04T07:03:19.156Z"}
{"method":"POST","url":"/expert/verifyOtp","status":200,"date":"2025-01-04T07:03:41.643Z"}
{"method":"GET","url":"/expert/specialisation","status":503,"date":"2025-01-04T09:39:06.783Z"}
{"method":"POST","url":"/expert/login","status":200,"date":"2025-01-04T18:37:19.189Z"}
{"method":"POST","url":"/expert/login","status":200,"date":"2025-01-05T02:59:30.917Z"}
{"method":"POST","url":"/expert/login","status":200,"date":"2025-01-05T03:01:37.364Z"}
{"method":"POST","url":"/expert/login","status":200,"date":"2025-01-05T03:17:29.447Z"}
{"method":"POST","url":"/admin/adminLogin","status":404,"date":"2025-01-05T05:27:01.951Z"}
{"method":"POST","url":"/admin/login","status":200,"date":"2025-01-05T05:29:00.203Z"}
{"method":"POST","url":"/admin/login","status":200,"date":"2025-01-05T05:34:29.417Z"}
{"method":"POST","url":"/admin/login","status":404,"date":"2025-01-05T05:37:52.030Z"}
{"method":"POST","url":"/admin/login","status":200,"date":"2025-01-05T05:38:14.463Z"}
{"method":"POST","url":"/admin/login","status":404,"date":"2025-01-05T06:15:41.262Z"}
{"method":"POST","url":"/admin/login","status":200,"date":"2025-01-05T06:16:09.392Z"}
{"method":"POST","url":"/admin/login","status":200,"date":"2025-01-05T06:16:14.981Z"}
{"method":"POST","url":"/admin/login","status":200,"date":"2025-01-05T06:16:43.769Z"}
{"method":"POST","url":"/admin/login","status":200,"date":"2025-01-05T06:27:36.466Z"}
{"method":"POST","url":"/admin/login","status":404,"date":"2025-01-05T06:27:46.680Z"}
{"method":"POST","url":"/admin/login","status":404,"date":"2025-01-05T06:27:48.066Z"}
{"method":"POST","url":"/admin/login","status":404,"date":"2025-01-05T06:28:00.337Z"}
{"method":"POST","url":"/admin/login","status":404,"date":"2025-01-05T06:28:01.684Z"}
{"method":"POST","url":"/admin/login","status":404,"date":"2025-01-05T06:28:02.917Z"}
{"method":"POST","url":"/admin/login","status":200,"date":"2025-01-05T06:42:14.689Z"}
{"method":"POST","url":"/admin/login","status":200,"date":"2025-01-05T06:43:36.201Z"}
{"method":"POST","url":"/admin/login","status":200,"date":"2025-01-05T06:54:23.930Z"}
{"method":"GET","url":"/admin/get_admin_dashboard_details?expertId=6778dd30ee8cc2c975dae416","status":404,"date":"2025-01-05T07:09:04.996Z"}
{"method":"GET","url":"/admin/get_admin_dashboard_details?expertId=6778dd30ee8cc2c975dae416","status":404,"date":"2025-01-05T07:10:59.171Z"}
{"method":"GET","url":"/admin/get_admin_dashboard_details?expertId=6778dd30ee8cc2c975dae416","status":404,"date":"2025-01-05T07:11:03.355Z"}
{"method":"GET","url":"/admin/get_admin_dashboard_details?expertId=6778dd30ee8cc2c975dae416","status":404,"date":"2025-01-05T07:12:21.912Z"}
{"method":"GET","url":"/admin/get_admin_dashboard_details?expertId=6778dd30ee8cc2c975dae416","status":404,"date":"2025-01-05T07:14:04.244Z"}
{"method":"POST","url":"/admin/login","status":404,"date":"2025-01-05T07:18:27.301Z"}
{"method":"POST","url":"/admin/login","status":200,"date":"2025-01-05T07:18:38.383Z"}
{"method":"GET","url":"/admin/get_admin_dashboard_details?expertId=6778dd30ee8cc2c975dae416","status":404,"date":"2025-01-05T07:18:44.779Z"}
{"method":"GET","url":"/admin/get_admin_dashboard_details?expertId=6778dd30ee8cc2c975dae416","status":404,"date":"2025-01-05T07:19:18.084Z"}
{"method":"GET","url":"/admin/get_admin_dashboard_details?expertId=6778dd30ee8cc2c975dae416","status":404,"date":"2025-01-05T07:21:52.199Z"}
{"method":"GET","url":"/admin/get_admin_dashboard_details?expertId=6778dd30ee8cc2c975dae416","status":404,"date":"2025-01-05T07:25:31.678Z"}
{"method":"GET","url":"/admin/get_admin_dashboard_details?expertId=6778dd30ee8cc2c975dae416","status":404,"date":"2025-01-05T07:25:39.432Z"}
{"method":"GET","url":"/admin/get_admin_dashboard_details?expertId=6778dd30ee8cc2c975dae416","status":404,"date":"2025-01-05T07:25:43.100Z"}
{"method":"GET","url":"/admin/get_admin_dashboard_details?expertId=6778dd30ee8cc2c975dae416","status":404,"date":"2025-01-05T07:26:19.108Z"}
{"method":"POST","url":"/admin/login","status":200,"date":"2025-01-05T07:27:04.383Z"}
{"method":"GET","url":"/admin/get_admin_dashboard_details?expertId=6778dd30ee8cc2c975dae416","status":404,"date":"2025-01-05T07:27:09.598Z"}
{"method":"GET","url":"/admin/get_admin_dashboard_details?expertId=6778dd30ee8cc2c975dae416","status":404,"date":"2025-01-05T07:27:29.544Z"}
{"method":"GET","url":"/admin/get_admin_dashboard_details?expertId=6778dd30ee8cc2c975dae416","status":404,"date":"2025-01-05T07:28:06.564Z"}
{"method":"GET","url":"/admin/get_admin_dashboard_details?expertId=6778dd30ee8cc2c975dae416","status":404,"date":"2025-01-05T07:28:28.384Z"}
{"method":"POST","url":"/admin/login","status":200,"date":"2025-01-05T07:28:43.762Z"}
{"method":"GET","url":"/admin/get_admin_dashboard_details?expertId=6778dd30ee8cc2c975dae416","status":404,"date":"2025-01-05T07:28:46.137Z"}
{"method":"POST","url":"/admin/login","status":200,"date":"2025-01-05T07:29:07.992Z"}
{"method":"GET","url":"/admin/get_admin_dashboard_details?expertId=6778dd30ee8cc2c975dae416","status":404,"date":"2025-01-05T07:29:57.432Z"}
{"method":"GET","url":"/admin/get_admin_dashboard_details?expertId=6778dd30ee8cc2c975dae416","status":404,"date":"2025-01-05T07:30:10.774Z"}
{"method":"GET","url":"/admin/get_admin_dashboard_details?expertId=6778dd30ee8cc2c975dae416","status":404,"date":"2025-01-05T07:31:05.736Z"}
{"method":"GET","url":"/admin/get_admin_dashboard_details?expertId=6778dd30ee8cc2c975dae416","status":404,"date":"2025-01-05T07:31:55.341Z"}
{"method":"GET","url":"/admin/get_admin_dashboard_details?expertId=6778dd30ee8cc2c975dae416","status":404,"date":"2025-01-05T07:32:23.060Z"}
{"method":"GET","url":"/admin/get_admin_dashboard_details?expertId=6778dd30ee8cc2c975dae416","status":200,"date":"2025-01-05T07:56:32.935Z"}
{"method":"GET","url":"/admin/get_admin_dashboard_details?expertId=6778dd30ee8cc2c975dae416","status":304,"date":"2025-01-05T08:02:21.341Z"}
{"method":"GET","url":"/admin/get_admin_dashboard_details?expertId=6778dd30ee8cc2c975dae416","status":304,"date":"2025-01-05T08:02:38.840Z"}
{"method":"GET","url":"/admin/get_admin_dashboard_details?expertId=6778dd30ee8cc2c975dae416","status":304,"date":"2025-01-05T08:03:05.509Z"}
{"method":"GET","url":"/admin/get_admin_dashboard_details?expertId=6778dd30ee8cc2c975dae416","status":304,"date":"2025-01-05T08:03:10.566Z"}
{"method":"GET","url":"/admin/get_admin_dashboard_details?expertId=6778dd30ee8cc2c975dae416","status":304,"date":"2025-01-05T08:03:22.599Z"}
{"method":"POST","url":"/admin/login","status":404,"date":"2025-01-05T08:45:37.028Z"}
{"method":"POST","url":"/admin/login","status":200,"date":"2025-01-05T08:45:45.219Z"}
{"method":"POST","url":"/admin/login","status":200,"date":"2025-01-05T10:10:10.864Z"}
{"method":"POST","url":"/admin/login","status":200,"date":"2025-01-05T10:11:35.545Z"}
{"method":"POST","url":"/admin/login","status":200,"date":"2025-01-05T10:41:53.829Z"}
{"method":"POST","url":"/admin/login","status":200,"date":"2025-01-05T10:42:24.648Z"}
{"method":"POST","url":"/admin/login","status":404,"date":"2025-01-05T10:46:55.461Z"}
{"method":"POST","url":"/admin/login","status":200,"date":"2025-01-05T10:47:05.360Z"}
{"method":"POST","url":"/admin/login","status":200,"date":"2025-01-05T10:56:46.290Z"}
{"method":"GET","url":"/admin/get_admin_dashboard_details?expertId=6778dd30ee8cc2c975dae416","status":304,"date":"2025-01-05T10:56:53.216Z"}
{"method":"POST","url":"/admin/login","status":200,"date":"2025-01-05T11:14:43.219Z"}
{"method":"POST","url":"/user/login","status":200,"date":"2025-01-05T11:15:42.919Z"}
{"method":"POST","url":"/expert/login","status":200,"date":"2025-01-05T11:16:27.141Z"}
